digraph snakemake_dag {
    graph[bgcolor=white, margin=0];
    node[shape=box, style=rounded, fontname=sans,                 fontsize=10, penwidth=2];
    edge[penwidth=2, color=grey];
	0[label = "generate_table", color = "0.07 0.6 0.85", style="rounded"];
	1[label = "calc_experiment_climalogies", color = "0.02 0.6 0.85", style="rounded"];
	2[label = "calc_clim_PI_control", color = "0.57 0.6 0.85", style="rounded"];
	3[label = "calc_cloud_radiative_effect", color = "0.00 0.6 0.85", style="rounded"];
	4[label = "calculate_ERF_TOA", color = "0.52 0.6 0.85", style="rounded"];
	5[label = "calc_direct_radiative_effect", color = "0.17 0.6 0.85", style="rounded"];
	6[label = "calculate_SW_ERF", color = "0.60 0.6 0.85", style="rounded"];
	7[label = "calculate_ERF_TOA_LW", color = "0.64 0.6 0.85", style="rounded"];
	8[label = "calc_absorption", color = "0.55 0.6 0.85", style="rounded"];
	9[label = "calc_ERF_surf", color = "0.29 0.6 0.85", style="rounded"];
	10[label = "calc_feedback", color = "0.12 0.6 0.85", style="rounded"];
	10 -> 0
	1 -> 0
	3 -> 0
	5 -> 0
	4 -> 0
	8 -> 0
	2 -> 0
	6 -> 0
	7 -> 0
	7 -> 3
	6 -> 3
	4 -> 3
	6 -> 5
	7 -> 5
	4 -> 5
	9 -> 8
	4 -> 8
	1 -> 10
	3 -> 10
	5 -> 10
	4 -> 10
	2 -> 10
}            
